In file included from /home/runner/work/eth0/eth0/eth0/filter.cpp:11:
/home/runner/work/eth0/eth0/eth0/eth_frame.h:17: warning: "ETH_HEADER_LEN" redefined
 #define ETH_HEADER_LEN 14
 
In file included from /home/runner/.arduino15/packages/esp32/hardware/esp32/2.0.17/tools/sdk/esp32s3/include/esp_eth/include/esp_eth.h:16,
                 from /home/runner/.arduino15/packages/esp32/hardware/esp32/2.0.17/tools/sdk/esp32s3/include/esp_eth/include/esp_eth_netif_glue.h:16,
                 from /home/runner/.arduino15/packages/esp32/hardware/esp32/2.0.17/tools/sdk/esp32s3/include/esp_netif/include/esp_netif.h:26,
                 from /home/runner/.arduino15/packages/esp32/hardware/esp32/2.0.17/tools/sdk/esp32s3/include/esp_event/include/esp_event_legacy.h:22,
                 from /home/runner/.arduino15/packages/esp32/hardware/esp32/2.0.17/tools/sdk/esp32s3/include/esp_event/include/esp_event.h:28,
                 from /home/runner/.arduino15/packages/esp32/hardware/esp32/2.0.17/cores/esp32/HWCDC.h:20,
                 from /home/runner/.arduino15/packages/esp32/hardware/esp32/2.0.17/cores/esp32/HardwareSerial.h:54,
                 from /home/runner/.arduino15/packages/esp32/hardware/esp32/2.0.17/cores/esp32/Arduino.h:196,
                 from /home/runner/work/eth0/eth0/eth0/filter.cpp:9:
/home/runner/.arduino15/packages/esp32/hardware/esp32/2.0.17/tools/sdk/esp32s3/include/esp_eth/include/esp_eth_com.h:40: note: this is the location of the previous definition
 #define ETH_HEADER_LEN (14)
 
In file included from /home/runner/work/eth0/eth0/eth0/arp_table.h:16,
                 from /home/runner/work/eth0/eth0/eth0/inject.cpp:13:
/home/runner/work/eth0/eth0/eth0/config.h:38: warning: "ARP_TABLE_SIZE" redefined
 #define ARP_TABLE_SIZE      64    // Max tracked IP→MAC bindings
 
In file included from /home/runner/.arduino15/packages/esp32/hardware/esp32/2.0.17/tools/sdk/esp32s3/include/lwip/lwip/src/include/lwip/ip_addr.h:40,
                 from /home/runner/.arduino15/packages/esp32/hardware/esp32/2.0.17/tools/sdk/esp32s3/include/tcpip_adapter/include/tcpip_adapter_types.h:18,
                 from /home/runner/.arduino15/packages/esp32/hardware/esp32/2.0.17/tools/sdk/esp32s3/include/tcpip_adapter/include/tcpip_adapter.h:24,
                 from /home/runner/.arduino15/packages/esp32/hardware/esp32/2.0.17/tools/sdk/esp32s3/include/esp_netif/include/esp_netif.h:35,
                 from /home/runner/.arduino15/packages/esp32/hardware/esp32/2.0.17/tools/sdk/esp32s3/include/esp_event/include/esp_event_legacy.h:22,
                 from /home/runner/.arduino15/packages/esp32/hardware/esp32/2.0.17/tools/sdk/esp32s3/include/esp_event/include/esp_event.h:28,
                 from /home/runner/.arduino15/packages/esp32/hardware/esp32/2.0.17/cores/esp32/HWCDC.h:20,
                 from /home/runner/.arduino15/packages/esp32/hardware/esp32/2.0.17/cores/esp32/HardwareSerial.h:54,
                 from /home/runner/.arduino15/packages/esp32/hardware/esp32/2.0.17/cores/esp32/Arduino.h:196,
                 from /home/runner/work/eth0/eth0/eth0/inject.cpp:8:
/home/runner/.arduino15/packages/esp32/hardware/esp32/2.0.17/tools/sdk/esp32s3/include/lwip/lwip/src/include/lwip/opt.h:639: note: this is the location of the previous definition
 #define ARP_TABLE_SIZE                  10
 
In file included from /home/runner/work/eth0/eth0/eth0/inject.cpp:15:
/home/runner/work/eth0/eth0/eth0/eth_frame.h:17: warning: "ETH_HEADER_LEN" redefined
 #define ETH_HEADER_LEN 14
 
In file included from /home/runner/.arduino15/packages/esp32/hardware/esp32/2.0.17/tools/sdk/esp32s3/include/esp_eth/include/esp_eth.h:16,
                 from /home/runner/.arduino15/packages/esp32/hardware/esp32/2.0.17/tools/sdk/esp32s3/include/esp_eth/include/esp_eth_netif_glue.h:16,
                 from /home/runner/.arduino15/packages/esp32/hardware/esp32/2.0.17/tools/sdk/esp32s3/include/esp_netif/include/esp_netif.h:26,
                 from /home/runner/.arduino15/packages/esp32/hardware/esp32/2.0.17/tools/sdk/esp32s3/include/esp_event/include/esp_event_legacy.h:22,
                 from /home/runner/.arduino15/packages/esp32/hardware/esp32/2.0.17/tools/sdk/esp32s3/include/esp_event/include/esp_event.h:28,
                 from /home/runner/.arduino15/packages/esp32/hardware/esp32/2.0.17/cores/esp32/HWCDC.h:20,
                 from /home/runner/.arduino15/packages/esp32/hardware/esp32/2.0.17/cores/esp32/HardwareSerial.h:54,
                 from /home/runner/.arduino15/packages/esp32/hardware/esp32/2.0.17/cores/esp32/Arduino.h:196,
                 from /home/runner/work/eth0/eth0/eth0/inject.cpp:8:
/home/runner/.arduino15/packages/esp32/hardware/esp32/2.0.17/tools/sdk/esp32s3/include/esp_eth/include/esp_eth_com.h:40: note: this is the location of the previous definition
 #define ETH_HEADER_LEN (14)
 
/home/runner/work/eth0/eth0/eth0/inject.cpp: In function 'void sendUDP(const uint8_t*, uint16_t, const char*, uint16_t)':
/home/runner/work/eth0/eth0/eth0/inject.cpp:164:12: warning: unused variable 'udpStart' [-Wunused-variable]
   uint16_t udpStart = pos;
            ^~~~~~~~
In file included from /home/runner/work/eth0/eth0/eth0/ids.cpp:14:
/home/runner/work/eth0/eth0/eth0/eth_frame.h:17: warning: "ETH_HEADER_LEN" redefined
 #define ETH_HEADER_LEN 14
 
In file included from /home/runner/.arduino15/packages/esp32/hardware/esp32/2.0.17/tools/sdk/esp32s3/include/esp_eth/include/esp_eth.h:16,
                 from /home/runner/.arduino15/packages/esp32/hardware/esp32/2.0.17/tools/sdk/esp32s3/include/esp_eth/include/esp_eth_netif_glue.h:16,
                 from /home/runner/.arduino15/packages/esp32/hardware/esp32/2.0.17/tools/sdk/esp32s3/include/esp_netif/include/esp_netif.h:26,
                 from /home/runner/.arduino15/packages/esp32/hardware/esp32/2.0.17/tools/sdk/esp32s3/include/esp_event/include/esp_event_legacy.h:22,
                 from /home/runner/.arduino15/packages/esp32/hardware/esp32/2.0.17/tools/sdk/esp32s3/include/esp_event/include/esp_event.h:28,
                 from /home/runner/.arduino15/packages/esp32/hardware/esp32/2.0.17/cores/esp32/HWCDC.h:20,
                 from /home/runner/.arduino15/packages/esp32/hardware/esp32/2.0.17/cores/esp32/HardwareSerial.h:54,
                 from /home/runner/.arduino15/packages/esp32/hardware/esp32/2.0.17/cores/esp32/Arduino.h:196,
                 from /home/runner/work/eth0/eth0/eth0/ids.cpp:11:
/home/runner/.arduino15/packages/esp32/hardware/esp32/2.0.17/tools/sdk/esp32s3/include/esp_eth/include/esp_eth_com.h:40: note: this is the location of the previous definition
 #define ETH_HEADER_LEN (14)
 
/home/runner/work/eth0/eth0/eth0/ids.cpp: In function 'void parseIdsCommand(const char*)':
/home/runner/work/eth0/eth0/eth0/ids.cpp:661:21: warning: format '%u' expects argument of type 'unsigned int', but argument 13 has type 'long unsigned int' [-Wformat=]
       Serial.printf("  %u.%u.%u.%u -> %02X:%02X:%02X:%02X:%02X:%02X (seen %us ago)\n",
                     ^~~~~~~~~~~~~~~~~~~~~~~~~~~~~~~~~~~~~~~~~~~~~~~~~~~~~~~~~~~~~~~~~
/home/runner/work/eth0/eth0/eth0/ids.cpp:665:21:
                     (millis() - arpTable[i].lastSeen) / 1000);
                     ~~~~~~~~~~~~~~~~~~~~~~~~~~~~~~~~~~~~~~~~
In file included from /home/runner/work/eth0/eth0/eth0/recon_arp_sweep.cpp:13:
/home/runner/work/eth0/eth0/eth0/config.h:38: warning: "ARP_TABLE_SIZE" redefined
 #define ARP_TABLE_SIZE      64    // Max tracked IP→MAC bindings
 
In file included from /home/runner/.arduino15/packages/esp32/hardware/esp32/2.0.17/tools/sdk/esp32s3/include/lwip/lwip/src/include/lwip/ip_addr.h:40,
                 from /home/runner/.arduino15/packages/esp32/hardware/esp32/2.0.17/tools/sdk/esp32s3/include/tcpip_adapter/include/tcpip_adapter_types.h:18,
                 from /home/runner/.arduino15/packages/esp32/hardware/esp32/2.0.17/tools/sdk/esp32s3/include/tcpip_adapter/include/tcpip_adapter.h:24,
                 from /home/runner/.arduino15/packages/esp32/hardware/esp32/2.0.17/tools/sdk/esp32s3/include/esp_netif/include/esp_netif.h:35,
                 from /home/runner/.arduino15/packages/esp32/hardware/esp32/2.0.17/tools/sdk/esp32s3/include/esp_event/include/esp_event_legacy.h:22,
                 from /home/runner/.arduino15/packages/esp32/hardware/esp32/2.0.17/tools/sdk/esp32s3/include/esp_event/include/esp_event.h:28,
                 from /home/runner/.arduino15/packages/esp32/hardware/esp32/2.0.17/cores/esp32/HWCDC.h:20,
                 from /home/runner/.arduino15/packages/esp32/hardware/esp32/2.0.17/cores/esp32/HardwareSerial.h:54,
                 from /home/runner/.arduino15/packages/esp32/hardware/esp32/2.0.17/cores/esp32/Arduino.h:196,
                 from /home/runner/work/eth0/eth0/eth0/recon_arp_sweep.cpp:8:
/home/runner/.arduino15/packages/esp32/hardware/esp32/2.0.17/tools/sdk/esp32s3/include/lwip/lwip/src/include/lwip/opt.h:639: note: this is the location of the previous definition
 #define ARP_TABLE_SIZE                  10
 
In file included from /home/runner/work/eth0/eth0/eth0/recon_arp_sweep.cpp:14:
/home/runner/work/eth0/eth0/eth0/eth_frame.h:17: warning: "ETH_HEADER_LEN" redefined
 #define ETH_HEADER_LEN 14
 
In file included from /home/runner/.arduino15/packages/esp32/hardware/esp32/2.0.17/tools/sdk/esp32s3/include/esp_eth/include/esp_eth.h:16,
                 from /home/runner/.arduino15/packages/esp32/hardware/esp32/2.0.17/tools/sdk/esp32s3/include/esp_eth/include/esp_eth_netif_glue.h:16,
                 from /home/runner/.arduino15/packages/esp32/hardware/esp32/2.0.17/tools/sdk/esp32s3/include/esp_netif/include/esp_netif.h:26,
                 from /home/runner/.arduino15/packages/esp32/hardware/esp32/2.0.17/tools/sdk/esp32s3/include/esp_event/include/esp_event_legacy.h:22,
                 from /home/runner/.arduino15/packages/esp32/hardware/esp32/2.0.17/tools/sdk/esp32s3/include/esp_event/include/esp_event.h:28,
                 from /home/runner/.arduino15/packages/esp32/hardware/esp32/2.0.17/cores/esp32/HWCDC.h:20,
                 from /home/runner/.arduino15/packages/esp32/hardware/esp32/2.0.17/cores/esp32/HardwareSerial.h:54,
                 from /home/runner/.arduino15/packages/esp32/hardware/esp32/2.0.17/cores/esp32/Arduino.h:196,
                 from /home/runner/work/eth0/eth0/eth0/recon_arp_sweep.cpp:8:
/home/runner/.arduino15/packages/esp32/hardware/esp32/2.0.17/tools/sdk/esp32s3/include/esp_eth/include/esp_eth_com.h:40: note: this is the location of the previous definition
 #define ETH_HEADER_LEN (14)
 
In file included from /home/runner/work/eth0/eth0/eth0/pcap_writer.cpp:11:
/home/runner/work/eth0/eth0/eth0/config.h:38: warning: "ARP_TABLE_SIZE" redefined
 #define ARP_TABLE_SIZE      64    // Max tracked IP→MAC bindings
 
In file included from /home/runner/.arduino15/packages/esp32/hardware/esp32/2.0.17/tools/sdk/esp32s3/include/lwip/lwip/src/include/lwip/ip_addr.h:40,
                 from /home/runner/.arduino15/packages/esp32/hardware/esp32/2.0.17/tools/sdk/esp32s3/include/tcpip_adapter/include/tcpip_adapter_types.h:18,
                 from /home/runner/.arduino15/packages/esp32/hardware/esp32/2.0.17/tools/sdk/esp32s3/include/tcpip_adapter/include/tcpip_adapter.h:24,
                 from /home/runner/.arduino15/packages/esp32/hardware/esp32/2.0.17/tools/sdk/esp32s3/include/esp_netif/include/esp_netif.h:35,
                 from /home/runner/.arduino15/packages/esp32/hardware/esp32/2.0.17/tools/sdk/esp32s3/include/esp_event/include/esp_event_legacy.h:22,
                 from /home/runner/.arduino15/packages/esp32/hardware/esp32/2.0.17/tools/sdk/esp32s3/include/esp_event/include/esp_event.h:28,
                 from /home/runner/.arduino15/packages/esp32/hardware/esp32/2.0.17/cores/esp32/HWCDC.h:20,
                 from /home/runner/.arduino15/packages/esp32/hardware/esp32/2.0.17/cores/esp32/HardwareSerial.h:54,
                 from /home/runner/.arduino15/packages/esp32/hardware/esp32/2.0.17/cores/esp32/Arduino.h:196,
                 from /home/runner/.arduino15/packages/esp32/hardware/esp32/2.0.17/libraries/FS/src/FS.h:25,
                 from /home/runner/.arduino15/packages/esp32/hardware/esp32/2.0.17/libraries/SD/src/SD.h:17,
                 from /home/runner/work/eth0/eth0/eth0/pcap_writer.h:19,
                 from /home/runner/work/eth0/eth0/eth0/pcap_writer.cpp:4:
/home/runner/.arduino15/packages/esp32/hardware/esp32/2.0.17/tools/sdk/esp32s3/include/lwip/lwip/src/include/lwip/opt.h:639: note: this is the location of the previous definition
 #define ARP_TABLE_SIZE                  10
 
In file included from /home/runner/work/eth0/eth0/eth0/recon_lldp.cpp:11:
/home/runner/work/eth0/eth0/eth0/eth_frame.h:17: warning: "ETH_HEADER_LEN" redefined
 #define ETH_HEADER_LEN 14
 
In file included from /home/runner/.arduino15/packages/esp32/hardware/esp32/2.0.17/tools/sdk/esp32s3/include/esp_eth/include/esp_eth.h:16,
                 from /home/runner/.arduino15/packages/esp32/hardware/esp32/2.0.17/tools/sdk/esp32s3/include/esp_eth/include/esp_eth_netif_glue.h:16,
                 from /home/runner/.arduino15/packages/esp32/hardware/esp32/2.0.17/tools/sdk/esp32s3/include/esp_netif/include/esp_netif.h:26,
                 from /home/runner/.arduino15/packages/esp32/hardware/esp32/2.0.17/tools/sdk/esp32s3/include/esp_event/include/esp_event_legacy.h:22,
                 from /home/runner/.arduino15/packages/esp32/hardware/esp32/2.0.17/tools/sdk/esp32s3/include/esp_event/include/esp_event.h:28,
                 from /home/runner/.arduino15/packages/esp32/hardware/esp32/2.0.17/cores/esp32/HWCDC.h:20,
                 from /home/runner/.arduino15/packages/esp32/hardware/esp32/2.0.17/cores/esp32/HardwareSerial.h:54,
                 from /home/runner/.arduino15/packages/esp32/hardware/esp32/2.0.17/cores/esp32/Arduino.h:196,
                 from /home/runner/work/eth0/eth0/eth0/recon_lldp.cpp:8:
/home/runner/.arduino15/packages/esp32/hardware/esp32/2.0.17/tools/sdk/esp32s3/include/esp_eth/include/esp_eth_com.h:40: note: this is the location of the previous definition
 #define ETH_HEADER_LEN (14)
 
/home/runner/work/eth0/eth0/eth0/recon_lldp.cpp: In function 'void lldpPrintTable()':
/home/runner/work/eth0/eth0/eth0/recon_lldp.cpp:154:19: warning: format '%u' expects argument of type 'unsigned int', but argument 10 has type 'long unsigned int' [-Wformat=]
     Serial.printf("\n  [%s] %02X:%02X:%02X:%02X:%02X:%02X (seen %us ago)\n",
                   ^~~~~~~~~~~~~~~~~~~~~~~~~~~~~~~~~~~~~~~~~~~~~~~~~~~~~~~~~
/home/runner/work/eth0/eth0/eth0/recon_lldp.cpp:156:45:
                   n.srcMAC[4], n.srcMAC[5], (millis() - n.lastSeen) / 1000);
                                             ~~~~~~~~~~~~~~~~~~~~~~~~~~~~~~
In file included from /home/runner/work/eth0/eth0/eth0/recon_mdns.cpp:12:
/home/runner/work/eth0/eth0/eth0/eth_frame.h:17: warning: "ETH_HEADER_LEN" redefined
 #define ETH_HEADER_LEN 14
 
In file included from /home/runner/.arduino15/packages/esp32/hardware/esp32/2.0.17/tools/sdk/esp32s3/include/esp_eth/include/esp_eth.h:16,
                 from /home/runner/.arduino15/packages/esp32/hardware/esp32/2.0.17/tools/sdk/esp32s3/include/esp_eth/include/esp_eth_netif_glue.h:16,
                 from /home/runner/.arduino15/packages/esp32/hardware/esp32/2.0.17/tools/sdk/esp32s3/include/esp_netif/include/esp_netif.h:26,
                 from /home/runner/.arduino15/packages/esp32/hardware/esp32/2.0.17/tools/sdk/esp32s3/include/esp_event/include/esp_event_legacy.h:22,
                 from /home/runner/.arduino15/packages/esp32/hardware/esp32/2.0.17/tools/sdk/esp32s3/include/esp_event/include/esp_event.h:28,
                 from /home/runner/.arduino15/packages/esp32/hardware/esp32/2.0.17/cores/esp32/HWCDC.h:20,
                 from /home/runner/.arduino15/packages/esp32/hardware/esp32/2.0.17/cores/esp32/HardwareSerial.h:54,
                 from /home/runner/.arduino15/packages/esp32/hardware/esp32/2.0.17/cores/esp32/Arduino.h:196,
                 from /home/runner/work/eth0/eth0/eth0/recon_mdns.cpp:8:
/home/runner/.arduino15/packages/esp32/hardware/esp32/2.0.17/tools/sdk/esp32s3/include/esp_eth/include/esp_eth_com.h:40: note: this is the location of the previous definition
 #define ETH_HEADER_LEN (14)
 
/home/runner/work/eth0/eth0/eth0/recon_mdns.cpp: In function 'void mdnsCheckPacket(const uint8_t*, uint16_t)':
/home/runner/work/eth0/eth0/eth0/recon_mdns.cpp:108:18: warning: unused variable 'consumed' [-Wunused-variable]
         uint16_t consumed = dnsDecodeName(dns, dnsLen, offset, aName, sizeof(aName));
                  ^~~~~~~~
/home/runner/work/eth0/eth0/eth0/recon_mdns.cpp: In function 'void mdnsPrintTable()':
/home/runner/work/eth0/eth0/eth0/recon_mdns.cpp:223:19: warning: format '%u' expects argument of type 'unsigned int', but argument 6 has type 'long unsigned int' [-Wformat=]
     Serial.printf("  %-16s %-30s %-12s %us\n",
                   ^~~~~~~~~~~~~~~~~~~~~~~~~~~
/home/runner/work/eth0/eth0/eth0/recon_mdns.cpp:228:19:
                   (millis() - h.lastSeen) / 1000);
                   ~~~~~~~~~~~~~~~~~~~~~~~~~~~~~~
In file included from /home/runner/work/eth0/eth0/eth0/recon_netbios.cpp:15:
/home/runner/work/eth0/eth0/eth0/eth_frame.h:17: warning: "ETH_HEADER_LEN" redefined
 #define ETH_HEADER_LEN 14
 
In file included from /home/runner/.arduino15/packages/esp32/hardware/esp32/2.0.17/tools/sdk/esp32s3/include/esp_eth/include/esp_eth.h:16,
                 from /home/runner/.arduino15/packages/esp32/hardware/esp32/2.0.17/tools/sdk/esp32s3/include/esp_eth/include/esp_eth_netif_glue.h:16,
                 from /home/runner/.arduino15/packages/esp32/hardware/esp32/2.0.17/tools/sdk/esp32s3/include/esp_netif/include/esp_netif.h:26,
                 from /home/runner/.arduino15/packages/esp32/hardware/esp32/2.0.17/tools/sdk/esp32s3/include/esp_event/include/esp_event_legacy.h:22,
                 from /home/runner/.arduino15/packages/esp32/hardware/esp32/2.0.17/tools/sdk/esp32s3/include/esp_event/include/esp_event.h:28,
                 from /home/runner/.arduino15/packages/esp32/hardware/esp32/2.0.17/cores/esp32/HWCDC.h:20,
                 from /home/runner/.arduino15/packages/esp32/hardware/esp32/2.0.17/cores/esp32/HardwareSerial.h:54,
                 from /home/runner/.arduino15/packages/esp32/hardware/esp32/2.0.17/cores/esp32/Arduino.h:196,
                 from /home/runner/work/eth0/eth0/eth0/recon_netbios.cpp:8:
/home/runner/.arduino15/packages/esp32/hardware/esp32/2.0.17/tools/sdk/esp32s3/include/esp_eth/include/esp_eth_com.h:40: note: this is the location of the previous definition
 #define ETH_HEADER_LEN (14)
 
/home/runner/work/eth0/eth0/eth0/recon_netbios.cpp: In function 'void reconNetbiosSweep()':
/home/runner/work/eth0/eth0/eth0/recon_netbios.cpp:435:26: error: 'packetMatchesFilter' was not declared in this scope
         if (capturing && packetMatchesFilter(packetBuf, rlen)) {
                          ^~~~~~~~~~~~~~~~~~~
/home/runner/work/eth0/eth0/eth0/recon_netbios.cpp: In function 'void reconNbstat(const uint8_t*)':
/home/runner/work/eth0/eth0/eth0/recon_netbios.cpp:454:8: error: 'resolveMacForIP' was not declared in this scope
   if (!resolveMacForIP(targetIP, targetMAC)) {
        ^~~~~~~~~~~~~~~
/home/runner/work/eth0/eth0/eth0/recon_netbios.cpp:532:26: error: 'packetMatchesFilter' was not declared in this scope
         if (capturing && packetMatchesFilter(packetBuf, rlen)) {
                          ^~~~~~~~~~~~~~~~~~~
/home/runner/work/eth0/eth0/eth0/recon_netbios.cpp: At global scope:
/home/runner/work/eth0/eth0/eth0/recon_netbios.cpp:36:13: warning: 'void nbnsDecodeName(const uint8_t*, char*, uint8_t*)' defined but not used [-Wunused-function]
 static void nbnsDecodeName(const uint8_t* enc, char* out, uint8_t* suffix) {
             ^~~~~~~~~~~~~~
In file included from /home/runner/work/eth0/eth0/eth0/recon_os_fingerprint.cpp:11:
/home/runner/work/eth0/eth0/eth0/eth_frame.h:17: warning: "ETH_HEADER_LEN" redefined
 #define ETH_HEADER_LEN 14
 
In file included from /home/runner/.arduino15/packages/esp32/hardware/esp32/2.0.17/tools/sdk/esp32s3/include/esp_eth/include/esp_eth.h:16,
                 from /home/runner/.arduino15/packages/esp32/hardware/esp32/2.0.17/tools/sdk/esp32s3/include/esp_eth/include/esp_eth_netif_glue.h:16,
                 from /home/runner/.arduino15/packages/esp32/hardware/esp32/2.0.17/tools/sdk/esp32s3/include/esp_netif/include/esp_netif.h:26,
                 from /home/runner/.arduino15/packages/esp32/hardware/esp32/2.0.17/tools/sdk/esp32s3/include/esp_event/include/esp_event_legacy.h:22,
                 from /home/runner/.arduino15/packages/esp32/hardware/esp32/2.0.17/tools/sdk/esp32s3/include/esp_event/include/esp_event.h:28,
                 from /home/runner/.arduino15/packages/esp32/hardware/esp32/2.0.17/cores/esp32/HWCDC.h:20,
                 from /home/runner/.arduino15/packages/esp32/hardware/esp32/2.0.17/cores/esp32/HardwareSerial.h:54,
                 from /home/runner/.arduino15/packages/esp32/hardware/esp32/2.0.17/cores/esp32/Arduino.h:196,
                 from /home/runner/work/eth0/eth0/eth0/recon_os_fingerprint.cpp:8:
/home/runner/.arduino15/packages/esp32/hardware/esp32/2.0.17/tools/sdk/esp32s3/include/esp_eth/include/esp_eth_com.h:40: note: this is the location of the previous definition
 #define ETH_HEADER_LEN (14)
 
/home/runner/work/eth0/eth0/eth0/recon_os_fingerprint.cpp: In function 'void fpAnalyzePacket(const uint8_t*, uint16_t)':
/home/runner/work/eth0/eth0/eth0/recon_os_fingerprint.cpp:73:21: error: 'ourIP' was not declared in this scope
   if (memcmp(srcIP, ourIP, 4) == 0)
                     ^~~~~
In file included from /home/runner/work/eth0/eth0/eth0/arp_table.h:16,
                 from /home/runner/work/eth0/eth0/eth0/eth0.ino:58:
/home/runner/work/eth0/eth0/eth0/config.h:38: warning: "ARP_TABLE_SIZE" redefined
 #define ARP_TABLE_SIZE      64    // Max tracked IP→MAC bindings
 
In file included from /home/runner/.arduino15/packages/esp32/hardware/esp32/2.0.17/tools/sdk/esp32s3/include/lwip/lwip/src/include/lwip/ip_addr.h:40,
                 from /home/runner/.arduino15/packages/esp32/hardware/esp32/2.0.17/tools/sdk/esp32s3/include/tcpip_adapter/include/tcpip_adapter_types.h:18,
                 from /home/runner/.arduino15/packages/esp32/hardware/esp32/2.0.17/tools/sdk/esp32s3/include/tcpip_adapter/include/tcpip_adapter.h:24,
                 from /home/runner/.arduino15/packages/esp32/hardware/esp32/2.0.17/tools/sdk/esp32s3/include/esp_netif/include/esp_netif.h:35,
                 from /home/runner/.arduino15/packages/esp32/hardware/esp32/2.0.17/tools/sdk/esp32s3/include/esp_event/include/esp_event_legacy.h:22,
                 from /home/runner/.arduino15/packages/esp32/hardware/esp32/2.0.17/tools/sdk/esp32s3/include/esp_event/include/esp_event.h:28,
                 from /home/runner/.arduino15/packages/esp32/hardware/esp32/2.0.17/cores/esp32/HWCDC.h:20,
                 from /home/runner/.arduino15/packages/esp32/hardware/esp32/2.0.17/cores/esp32/HardwareSerial.h:54,
                 from /home/runner/.arduino15/packages/esp32/hardware/esp32/2.0.17/cores/esp32/Arduino.h:196,
                 from /home/runner/.cache/arduino/sketches/141FE63903767D00A33BF05603E3F49B/sketch/eth0.ino.cpp:1:
/home/runner/.arduino15/packages/esp32/hardware/esp32/2.0.17/tools/sdk/esp32s3/include/lwip/lwip/src/include/lwip/opt.h:639: note: this is the location of the previous definition
 #define ARP_TABLE_SIZE                  10
 
In file included from /home/runner/work/eth0/eth0/eth0/eth0.ino:60:
/home/runner/work/eth0/eth0/eth0/eth_frame.h:17: warning: "ETH_HEADER_LEN" redefined
 #define ETH_HEADER_LEN 14
 
In file included from /home/runner/.arduino15/packages/esp32/hardware/esp32/2.0.17/tools/sdk/esp32s3/include/esp_eth/include/esp_eth.h:16,
                 from /home/runner/.arduino15/packages/esp32/hardware/esp32/2.0.17/tools/sdk/esp32s3/include/esp_eth/include/esp_eth_netif_glue.h:16,
                 from /home/runner/.arduino15/packages/esp32/hardware/esp32/2.0.17/tools/sdk/esp32s3/include/esp_netif/include/esp_netif.h:26,
                 from /home/runner/.arduino15/packages/esp32/hardware/esp32/2.0.17/tools/sdk/esp32s3/include/esp_event/include/esp_event_legacy.h:22,
                 from /home/runner/.arduino15/packages/esp32/hardware/esp32/2.0.17/tools/sdk/esp32s3/include/esp_event/include/esp_event.h:28,
                 from /home/runner/.arduino15/packages/esp32/hardware/esp32/2.0.17/cores/esp32/HWCDC.h:20,
                 from /home/runner/.arduino15/packages/esp32/hardware/esp32/2.0.17/cores/esp32/HardwareSerial.h:54,
                 from /home/runner/.arduino15/packages/esp32/hardware/esp32/2.0.17/cores/esp32/Arduino.h:196,
                 from /home/runner/.cache/arduino/sketches/141FE63903767D00A33BF05603E3F49B/sketch/eth0.ino.cpp:1:
/home/runner/.arduino15/packages/esp32/hardware/esp32/2.0.17/tools/sdk/esp32s3/include/esp_eth/include/esp_eth_com.h:40: note: this is the location of the previous definition
 #define ETH_HEADER_LEN (14)
 
/home/runner/work/eth0/eth0/eth0/eth0.ino: In function 'void setup()':
/home/runner/work/eth0/eth0/eth0/eth0.ino:479:21: warning: format '%lu' expects argument of type 'long unsigned int', but argument 4 has type 'uint32_t' {aka 'unsigned int'} [-Wformat=]
       Serial.printf("[SD] Retry %d/4 at %lu Hz...\n", attempt, speed);
                     ^~~~~~~~~~~~~~~~~~~~~~~~~~~~~~~~           ~~~~~
/home/runner/work/eth0/eth0/eth0/eth0.ino: In function 'void parseKillCommand(const char*)':
/home/runner/work/eth0/eth0/eth0/eth0.ino:2645:21: warning: format '%u' expects argument of type 'unsigned int', but argument 13 has type 'long unsigned int' [-Wformat=]
       Serial.printf("  %u.%u.%u.%u:%u <-> %u.%u.%u.%u:%u (%us ago)\n", c.srcIP[0], c.srcIP[1],
                     ^~~~~~~~~~~~~~~~~~~~~~~~~~~~~~~~~~~~~~~~~~~~~~~~~
/home/runner/work/eth0/eth0/eth0/eth0.ino:2647:44:
                     c.dstIP[3], c.dstPort, (millis() - c.lastSeen) / 1000);
                                            ~~~~~~~~~~~~~~~~~~~~~~~~~~~~~~
/home/runner/work/eth0/eth0/eth0/eth0.ino: In function 'void dhcpStarveSendDiscover()':
/home/runner/work/eth0/eth0/eth0/eth0.ino:2710:12: warning: unused variable 'udpStart' [-Wunused-variable]
   uint16_t udpStart = pos;
            ^~~~~~~~
/home/runner/work/eth0/eth0/eth0/eth0.ino:2721:12: warning: unused variable 'dhcpStart' [-Wunused-variable]
   uint16_t dhcpStart = pos;
            ^~~~~~~~~
/home/runner/work/eth0/eth0/eth0/eth0.ino: In function 'void poisonCheckPacket(const uint8_t*, uint16_t)':
/home/runner/work/eth0/eth0/eth0/eth0.ino:2862:14: warning: unused variable 'uStart' [-Wunused-variable]
     uint16_t uStart = pos;
              ^~~~~~
/home/runner/work/eth0/eth0/eth0/eth0.ino: In function 'void printNetworkMap()':
/home/runner/work/eth0/eth0/eth0/eth0.ino:3712:17: warning: format '%u' expects argument of type 'unsigned int', but argument 3 has type 'long unsigned int' [-Wformat=]
   Serial.printf("    Uptime: %us  |  Free heap: %u bytes\n", millis() / 1000, ESP.getFreeHeap());
                 ^~~~~~~~~~~~~~~~~~~~~~~~~~~~~~~~~~~~~~~~~~~  ~~~~~~~~~~~~~~~
/home/runner/work/eth0/eth0/eth0/eth0.ino: In function 'void dnsSpoofSendResponse(const uint8_t*, uint16_t, const uint8_t*, uint8_t, const uint8_t*)':
/home/runner/work/eth0/eth0/eth0/eth0.ino:3888:12: warning: unused variable 'dnsStart' [-Wunused-variable]
   uint16_t dnsStart = pos;
            ^~~~~~~~
/home/runner/work/eth0/eth0/eth0/eth0.ino: In function 'void ircCheckIncomingTcp(const uint8_t*, uint16_t)':
/home/runner/work/eth0/eth0/eth0/eth0.ino:4733:12: warning: unused variable 'theirAck' [-Wunused-variable]
   uint32_t theirAck = pktRead32(tcpH + 8);
            ^~~~~~~~
/home/runner/work/eth0/eth0/eth0/eth0.ino: In function 'void ircStatus()':
/home/runner/work/eth0/eth0/eth0/eth0.ino:4990:19: warning: format '%lu' expects argument of type 'long unsigned int', but argument 11 has type 'uint32_t' {aka 'unsigned int'} [-Wformat=]
     Serial.printf("[IRC]   [%u] %u.%u.%u.%u:%u  %s  state=%s  idle=%lus", i, c.peerIP[0],
                   ^~~~~~~~~~~~~~~~~~~~~~~~~~~~~~~~~~~~~~~~~~~~~~~~~~~~~~
/home/runner/work/eth0/eth0/eth0/eth0.ino:4992:80:
                   c.tcpState == IRC_TCP_SYN_RCVD ? "SYN_RCVD" : "ESTABLISHED", idle);
                                                                                ~~~~
/home/runner/work/eth0/eth0/eth0/eth0.ino: In function 'void kasaQuerySysinfo(const uint8_t*)':
/home/runner/work/eth0/eth0/eth0/eth0.ino:5346:19: warning: format '%ld' expects argument of type 'long int', but argument 3 has type 'int32_t' {aka 'int'} [-Wformat=]
     Serial.printf("  RSSI:       %ld dBm\n", numVal);
                   ^~~~~~~~~~~~~~~~~~~~~~~~~  ~~~~~~
/home/runner/work/eth0/eth0/eth0/eth0.ino:5364:19: warning: format '%ld' expects argument of type 'long int', but argument 3 has type 'int32_t' {aka 'int'} [-Wformat=]
     Serial.printf("  Latitude:   %ld.%04ld\n", latWhole, latFrac);
                   ^~~~~~~~~~~~~~~~~~~~~~~~~~~  ~~~~~~~~
/home/runner/work/eth0/eth0/eth0/eth0.ino:5364:19: warning: format '%ld' expects argument of type 'long int', but argument 4 has type 'int32_t' {aka 'int'} [-Wformat=]
/home/runner/work/eth0/eth0/eth0/eth0.ino:5365:19: warning: format '%ld' expects argument of type 'long int', but argument 3 has type 'int32_t' {aka 'int'} [-Wformat=]
     Serial.printf("  Longitude:  %ld.%04ld\n", lonWhole, lonFrac);
                   ^~~~~~~~~~~~~~~~~~~~~~~~~~~  ~~~~~~~~
/home/runner/work/eth0/eth0/eth0/eth0.ino:5365:19: warning: format '%ld' expects argument of type 'long int', but argument 4 has type 'int32_t' {aka 'int'} [-Wformat=]
/home/runner/work/eth0/eth0/eth0/eth0.ino:5366:19: warning: format '%ld' expects argument of type 'long int', but argument 3 has type 'int32_t' {aka 'int'} [-Wformat=]
     Serial.printf("  Maps:       https://www.google.com/maps?q=%ld.%04ld,%ld.%04ld\n", latWhole,
                   ^~~~~~~~~~~~~~~~~~~~~~~~~~~~~~~~~~~~~~~~~~~~~~~~~~~~~~~~~~~~~~~~~~~  ~~~~~~~~
/home/runner/work/eth0/eth0/eth0/eth0.ino:5366:19: warning: format '%ld' expects argument of type 'long int', but argument 4 has type 'int32_t' {aka 'int'} [-Wformat=]
/home/runner/work/eth0/eth0/eth0/eth0.ino:5366:19: warning: format '%ld' expects argument of type 'long int', but argument 5 has type 'int32_t' {aka 'int'} [-Wformat=]
/home/runner/work/eth0/eth0/eth0/eth0.ino:5366:19: warning: format '%ld' expects argument of type 'long int', but argument 6 has type 'int32_t' {aka 'int'} [-Wformat=]
/home/runner/work/eth0/eth0/eth0/eth0.ino: In function 'void kasaQueryCloud(const uint8_t*)':
/home/runner/work/eth0/eth0/eth0/eth0.ino:5474:19: warning: format '%ld' expects argument of type 'long int', but argument 3 has type 'int32_t' {aka 'int'} [-Wformat=]
     Serial.printf("  Illegal:    %ld\n", numVal);
                   ^~~~~~~~~~~~~~~~~~~~~  ~~~~~~
/home/runner/work/eth0/eth0/eth0/eth0.ino:5477:19: warning: format '%ld' expects argument of type 'long int', but argument 3 has type 'int32_t' {aka 'int'} [-Wformat=]
     Serial.printf("  TCSP:       %ld\n", numVal);
                   ^~~~~~~~~~~~~~~~~~~~~  ~~~~~~
/home/runner/work/eth0/eth0/eth0/eth0.ino:5480:19: warning: format '%ld' expects argument of type 'long int', but argument 3 has type 'int32_t' {aka 'int'} [-Wformat=]
     Serial.printf("  FW Notify:  %ld\n", numVal);
                   ^~~~~~~~~~~~~~~~~~~~~  ~~~~~~
/home/runner/work/eth0/eth0/eth0/eth0.ino:5483:19: warning: format '%ld' expects argument of type 'long int', but argument 3 has type 'int32_t' {aka 'int'} [-Wformat=]
     Serial.printf("  Err Code:   %ld\n", numVal);
                   ^~~~~~~~~~~~~~~~~~~~~  ~~~~~~
/home/runner/work/eth0/eth0/eth0/eth0.ino: In function 'void pcapSerialPacket(const uint8_t*, uint16_t)':
/home/runner/work/eth0/eth0/eth0/eth0.ino:2038:9: warning: 'void* memcpy(void*, const void*, size_t)' forming offset [3, 4] is out of the bounds [0, 2] of object 'len' with type 'uint16_t' {aka 'short unsigned int'} [-Warray-bounds]
   memcpy(phdr + 8, &len, 4);   // incl_len (little-endian on ESP32)
   ~~~~~~^~~~~~~~~~~~~~~~~~~
/home/runner/work/eth0/eth0/eth0/eth0.ino:2029:52: note: 'len' declared here
 void pcapSerialPacket(const uint8_t* pkt, uint16_t len) {
                                           ~~~~~~~~~^~~
/home/runner/work/eth0/eth0/eth0/eth0.ino:2039:9: warning: 'void* memcpy(void*, const void*, size_t)' forming offset [3, 4] is out of the bounds [0, 2] of object 'len' with type 'uint16_t' {aka 'short unsigned int'} [-Warray-bounds]
   memcpy(phdr + 12, &len, 4);  // orig_len
   ~~~~~~^~~~~~~~~~~~~~~~~~~~
/home/runner/work/eth0/eth0/eth0/eth0.ino:2029:52: note: 'len' declared here
 void pcapSerialPacket(const uint8_t* pkt, uint16_t len) {
                                           ~~~~~~~~~^~~
/home/runner/work/eth0/eth0/eth0/eth0.ino: At global scope:
/home/runner/work/eth0/eth0/eth0/eth0.ino:1540:13: warning: 'void extractBanner(const uint8_t*, uint16_t, char*, uint16_t)' defined but not used [-Wunused-function]
 static void extractBanner(const uint8_t* data, uint16_t dataLen, char* out, uint16_t maxLen) {
             ^~~~~~~~~~~~~
/home/runner/work/eth0/eth0/eth0/eth0.ino:1532:13: warning: 'bool portNeedsProbe(uint16_t)' defined but not used [-Wunused-function]
 static bool portNeedsProbe(uint16_t port) {
             ^~~~~~~~~~~~~~
In file included from /home/runner/work/eth0/eth0/eth0/arp_table.h:16,
                 from /home/runner/work/eth0/eth0/eth0/recon_port_scan.cpp:13:
/home/runner/work/eth0/eth0/eth0/config.h:38: warning: "ARP_TABLE_SIZE" redefined
 #define ARP_TABLE_SIZE      64    // Max tracked IP→MAC bindings
 
In file included from /home/runner/.arduino15/packages/esp32/hardware/esp32/2.0.17/tools/sdk/esp32s3/include/lwip/lwip/src/include/lwip/ip_addr.h:40,
                 from /home/runner/.arduino15/packages/esp32/hardware/esp32/2.0.17/tools/sdk/esp32s3/include/tcpip_adapter/include/tcpip_adapter_types.h:18,
                 from /home/runner/.arduino15/packages/esp32/hardware/esp32/2.0.17/tools/sdk/esp32s3/include/tcpip_adapter/include/tcpip_adapter.h:24,
                 from /home/runner/.arduino15/packages/esp32/hardware/esp32/2.0.17/tools/sdk/esp32s3/include/esp_netif/include/esp_netif.h:35,
                 from /home/runner/.arduino15/packages/esp32/hardware/esp32/2.0.17/tools/sdk/esp32s3/include/esp_event/include/esp_event_legacy.h:22,
                 from /home/runner/.arduino15/packages/esp32/hardware/esp32/2.0.17/tools/sdk/esp32s3/include/esp_event/include/esp_event.h:28,
                 from /home/runner/.arduino15/packages/esp32/hardware/esp32/2.0.17/cores/esp32/HWCDC.h:20,
                 from /home/runner/.arduino15/packages/esp32/hardware/esp32/2.0.17/cores/esp32/HardwareSerial.h:54,
                 from /home/runner/.arduino15/packages/esp32/hardware/esp32/2.0.17/cores/esp32/Arduino.h:196,
                 from /home/runner/work/eth0/eth0/eth0/recon_port_scan.cpp:8:
/home/runner/.arduino15/packages/esp32/hardware/esp32/2.0.17/tools/sdk/esp32s3/include/lwip/lwip/src/include/lwip/opt.h:639: note: this is the location of the previous definition
 #define ARP_TABLE_SIZE                  10
 
In file included from /home/runner/work/eth0/eth0/eth0/recon_port_scan.cpp:15:
/home/runner/work/eth0/eth0/eth0/eth_frame.h:17: warning: "ETH_HEADER_LEN" redefined
 #define ETH_HEADER_LEN 14
 
In file included from /home/runner/.arduino15/packages/esp32/hardware/esp32/2.0.17/tools/sdk/esp32s3/include/esp_eth/include/esp_eth.h:16,
                 from /home/runner/.arduino15/packages/esp32/hardware/esp32/2.0.17/tools/sdk/esp32s3/include/esp_eth/include/esp_eth_netif_glue.h:16,
                 from /home/runner/.arduino15/packages/esp32/hardware/esp32/2.0.17/tools/sdk/esp32s3/include/esp_netif/include/esp_netif.h:26,
                 from /home/runner/.arduino15/packages/esp32/hardware/esp32/2.0.17/tools/sdk/esp32s3/include/esp_event/include/esp_event_legacy.h:22,
                 from /home/runner/.arduino15/packages/esp32/hardware/esp32/2.0.17/tools/sdk/esp32s3/include/esp_event/include/esp_event.h:28,
                 from /home/runner/.arduino15/packages/esp32/hardware/esp32/2.0.17/cores/esp32/HWCDC.h:20,
                 from /home/runner/.arduino15/packages/esp32/hardware/esp32/2.0.17/cores/esp32/HardwareSerial.h:54,
                 from /home/runner/.arduino15/packages/esp32/hardware/esp32/2.0.17/cores/esp32/Arduino.h:196,
                 from /home/runner/work/eth0/eth0/eth0/recon_port_scan.cpp:8:
/home/runner/.arduino15/packages/esp32/hardware/esp32/2.0.17/tools/sdk/esp32s3/include/esp_eth/include/esp_eth_com.h:40: note: this is the location of the previous definition
 #define ETH_HEADER_LEN (14)
 
In file included from /home/runner/work/eth0/eth0/eth0/arp_table.h:16,
                 from /home/runner/work/eth0/eth0/eth0/recon_service_scan.cpp:13:
/home/runner/work/eth0/eth0/eth0/config.h:38: warning: "ARP_TABLE_SIZE" redefined
 #define ARP_TABLE_SIZE      64    // Max tracked IP→MAC bindings
 
In file included from /home/runner/.arduino15/packages/esp32/hardware/esp32/2.0.17/tools/sdk/esp32s3/include/lwip/lwip/src/include/lwip/ip_addr.h:40,
                 from /home/runner/.arduino15/packages/esp32/hardware/esp32/2.0.17/tools/sdk/esp32s3/include/tcpip_adapter/include/tcpip_adapter_types.h:18,
                 from /home/runner/.arduino15/packages/esp32/hardware/esp32/2.0.17/tools/sdk/esp32s3/include/tcpip_adapter/include/tcpip_adapter.h:24,
                 from /home/runner/.arduino15/packages/esp32/hardware/esp32/2.0.17/tools/sdk/esp32s3/include/esp_netif/include/esp_netif.h:35,
                 from /home/runner/.arduino15/packages/esp32/hardware/esp32/2.0.17/tools/sdk/esp32s3/include/esp_event/include/esp_event_legacy.h:22,
                 from /home/runner/.arduino15/packages/esp32/hardware/esp32/2.0.17/tools/sdk/esp32s3/include/esp_event/include/esp_event.h:28,
                 from /home/runner/.arduino15/packages/esp32/hardware/esp32/2.0.17/cores/esp32/HWCDC.h:20,
                 from /home/runner/.arduino15/packages/esp32/hardware/esp32/2.0.17/cores/esp32/HardwareSerial.h:54,
                 from /home/runner/.arduino15/packages/esp32/hardware/esp32/2.0.17/cores/esp32/Arduino.h:196,
                 from /home/runner/work/eth0/eth0/eth0/recon_service_scan.cpp:8:
/home/runner/.arduino15/packages/esp32/hardware/esp32/2.0.17/tools/sdk/esp32s3/include/lwip/lwip/src/include/lwip/opt.h:639: note: this is the location of the previous definition
 #define ARP_TABLE_SIZE                  10
 
In file included from /home/runner/work/eth0/eth0/eth0/recon_service_scan.cpp:15:
/home/runner/work/eth0/eth0/eth0/eth_frame.h:17: warning: "ETH_HEADER_LEN" redefined
 #define ETH_HEADER_LEN 14
 
In file included from /home/runner/.arduino15/packages/esp32/hardware/esp32/2.0.17/tools/sdk/esp32s3/include/esp_eth/include/esp_eth.h:16,
                 from /home/runner/.arduino15/packages/esp32/hardware/esp32/2.0.17/tools/sdk/esp32s3/include/esp_eth/include/esp_eth_netif_glue.h:16,
                 from /home/runner/.arduino15/packages/esp32/hardware/esp32/2.0.17/tools/sdk/esp32s3/include/esp_netif/include/esp_netif.h:26,
                 from /home/runner/.arduino15/packages/esp32/hardware/esp32/2.0.17/tools/sdk/esp32s3/include/esp_event/include/esp_event_legacy.h:22,
                 from /home/runner/.arduino15/packages/esp32/hardware/esp32/2.0.17/tools/sdk/esp32s3/include/esp_event/include/esp_event.h:28,
                 from /home/runner/.arduino15/packages/esp32/hardware/esp32/2.0.17/cores/esp32/HWCDC.h:20,
                 from /home/runner/.arduino15/packages/esp32/hardware/esp32/2.0.17/cores/esp32/HardwareSerial.h:54,
                 from /home/runner/.arduino15/packages/esp32/hardware/esp32/2.0.17/cores/esp32/Arduino.h:196,
                 from /home/runner/work/eth0/eth0/eth0/recon_service_scan.cpp:8:
/home/runner/.arduino15/packages/esp32/hardware/esp32/2.0.17/tools/sdk/esp32s3/include/esp_eth/include/esp_eth_com.h:40: note: this is the location of the previous definition
 #define ETH_HEADER_LEN (14)
 
/home/runner/work/eth0/eth0/eth0/recon_service_scan.cpp: In function 'void reconServiceScan(const uint8_t*, const uint16_t*, uint8_t)':
/home/runner/work/eth0/eth0/eth0/recon_service_scan.cpp:29:8: error: 'resolveMacForIP' was not declared in this scope
   if (!resolveMacForIP(targetIP, dstMAC)) {
        ^~~~~~~~~~~~~~~
/home/runner/work/eth0/eth0/eth0/recon_service_scan.cpp:109:16: error: 'buildTcpAck' was not declared in this scope
     frameLen = buildTcpAck(txBuf, dstMAC, ourIP, targetIP, srcPort, dstPort, mySeq, myAck);
                ^~~~~~~~~~~
/home/runner/work/eth0/eth0/eth0/recon_service_scan.cpp:109:16: note: suggested alternative: 'buildTcpFinAck'
     frameLen = buildTcpAck(txBuf, dstMAC, ourIP, targetIP, srcPort, dstPort, mySeq, myAck);
                ^~~~~~~~~~~
                buildTcpFinAck
/home/runner/work/eth0/eth0/eth0/recon_service_scan.cpp:115:9: error: 'portNeedsProbe' was not declared in this scope
     if (portNeedsProbe(dstPort)) {
         ^~~~~~~~~~~~~~
/home/runner/work/eth0/eth0/eth0/recon_service_scan.cpp:118:51: error: 'httpProbe' was not declared in this scope
                                   (const uint8_t*)httpProbe, strlen(httpProbe));
                                                   ^~~~~~~~~
/home/runner/work/eth0/eth0/eth0/recon_service_scan.cpp:117:18: error: 'buildTcpDataPush' was not declared in this scope
       frameLen = buildTcpDataPush(txBuf, dstMAC, ourIP, targetIP, srcPort, dstPort, mySeq, myAck,
                  ^~~~~~~~~~~~~~~~
/home/runner/work/eth0/eth0/eth0/recon_service_scan.cpp:117:18: note: suggested alternative: 'buildTcpFinAck'
       frameLen = buildTcpDataPush(txBuf, dstMAC, ourIP, targetIP, srcPort, dstPort, mySeq, myAck,
                  ^~~~~~~~~~~~~~~~
                  buildTcpFinAck
/home/runner/work/eth0/eth0/eth0/recon_service_scan.cpp:161:9: error: 'extractBanner' was not declared in this scope
         extractBanner(payload, (uint16_t)payloadLen, banner, sizeof(banner));
         ^~~~~~~~~~~~~
/home/runner/work/eth0/eth0/eth0/recon_service_scan.cpp:161:9: note: suggested alternative: 'gotBanner'
         extractBanner(payload, (uint16_t)payloadLen, banner, sizeof(banner));
         ^~~~~~~~~~~~~
         gotBanner
/home/runner/work/eth0/eth0/eth0/recon_service_scan.cpp:179:16: error: 'buildTcpRst' was not declared in this scope
     frameLen = buildTcpRst(txBuf, dstMAC, ourIP, targetIP, srcPort, dstPort, mySeq);
                ^~~~~~~~~~~
/home/runner/work/eth0/eth0/eth0/recon_service_scan.cpp:179:16: note: suggested alternative: 'buildTcpSyn'
     frameLen = buildTcpRst(txBuf, dstMAC, ourIP, targetIP, srcPort, dstPort, mySeq);
                ^~~~~~~~~~~
                buildTcpSyn

[92mUsed library[0m      [92mVersion[0m [90mPath[0m
[93mAdafruit NeoPixel[0m 1.12.3  [90m/home/runner/Arduino/libraries/Adafruit_NeoPixel[0m
[93mEthernet2[0m         1.0.4   [90m/home/runner/Arduino/libraries/Ethernet2[0m
[93mSPI[0m               2.0.0   [90m/home/runner/.arduino15/packages/esp32/hardware/esp32/2.0.17/libraries/SPI[0m
[93mPreferences[0m       2.0.0   [90m/home/runner/.arduino15/packages/esp32/hardware/esp32/2.0.17/libraries/Preferences[0m
[93mSD[0m                2.0.0   [90m/home/runner/.arduino15/packages/esp32/hardware/esp32/2.0.17/libraries/SD[0m
[93mFS[0m                2.0.0   [90m/home/runner/.arduino15/packages/esp32/hardware/esp32/2.0.17/libraries/FS[0m

[92mUsed platform[0m [92mVersion[0m [90mPath[0m
[93mesp32:esp32[0m   2.0.17  [90m/home/runner/.arduino15/packages/esp32/hardware/esp32/2.0.17[0m
Error during build: exit status 1
